   TIME   BAR ALT    MBS     AIRT   DRAD      LAT      LON     GPS ALT
 15:28:24   4396.  872.70    22.3   32.7    34-29.4 -104-13.1   1264.
 15:29:24   5509.  836.03    18.6   30.8    34-29.4 -104-13.2   1507.
 15:30:24   6538.  803.26    19.1   29.4    34-29.5 -104-13.1   1864.
 15:31:24   7560.  771.79    16.8   28.5    34-29.7 -104-13.0   2228.
 15:32:24   8528.  742.91    15.1   27.2    34-29.9 -104-12.9   2523.
 15:33:24   9527.  714.03    12.8   26.3    34-30.1 -104-12.8   2878.
 15:34:24  10525.  686.13    10.3   25.1    34-30.3 -104-12.7   3229.
 15:35:25  11558.  658.22     8.3   23.9    34-30.4 -104-12.7   3516.
 15:36:25  12501.  633.56     5.4   22.8    34-30.6 -104-12.6   3877.
 15:37:25  13476.  608.90     3.5   21.3    34-30.7 -104-12.5   4225.
 15:38:25  14416.  585.87     1.3   19.9    34-30.9 -104-12.4   4509.
 15:39:25  15333.  564.13     0.2   18.5    34-31.0 -104-12.3   4838.
 15:40:25  16152.  545.31    -0.7   17.9    34-31.2 -104-12.2   5097.
 15:41:25  17053.  525.19    -0.8   16.9    34-31.3 -104-12.0   5395.
 15:42:31  17847.  507.99    -2.4   16.3    34-31.4 -104-11.9   5638.
 15:43:31  18885.  486.25    -3.8   16.0    34-31.4 -104-11.7   6011.
 15:44:31  19799.  467.76    -6.1   16.0    34-31.3 -104-11.5   6290.
 15:45:31  20728.  449.59    -8.5   15.4    34-31.3 -104-11.5   6625.
 15:46:31  21655.  432.07    -9.6   14.5    34-31.2 -104-11.3   6960.
 15:47:31  22615.  414.55   -11.8   13.9    34-31.2 -104-11.3   7226.
 15:48:31  23499.  398.97   -14.3   13.6    34-31.2 -104-11.2   7540.
 15:49:31  24412.  383.40   -15.7   13.1    34-31.1 -104-11.1   7852.
 15:50:31  25379.  367.50   -17.5   11.7    34-31.2 -104-11.0   8180.
 15:51:31  26342.  352.25   -20.0   10.3    34-31.2 -104-10.9   8454.
 15:52:31  27298.  337.65   -22.0    9.6    34-31.3 -104-10.7   8778.
 15:53:31  28225.  324.02   -24.3    9.1    34-31.3 -104-10.5   9114.
 15:54:31  29210.  310.07   -26.8    8.6    34-31.4 -104-10.3   9408.
 15:55:31  30332.  294.82   -29.5    7.9    34-31.4 -104-10.1   9764.
 15:56:31  31432.  280.54   -32.6    6.2    34-31.6 -104-09.9  10139.
 15:57:31  32555.  266.59   -35.8    4.6    34-31.6 -104-09.7  10478.
 15:58:31  33509.  255.23   -37.7    4.0    34-31.6 -104-09.3  10791.
 15:59:31  34707.  241.60   -39.6    3.3    34-31.6 -104-08.9  11128.
 16:00:31  35844.  229.27   -42.7    2.5    34-31.6 -104-08.4  11479.
 16:01:31  37006.  217.27   -43.9    1.7    34-31.5 -104-07.9  11882.
 16:02:32  38194.  205.59   -48.6    0.9    34-31.3 -104-07.5  12235.
 16:03:32  39234.  195.85   -48.6   -0.0    34-31.2 -104-07.0  12583.
 16:04:32  40433.  185.15   -53.0   -1.0    34-31.0 -104-06.5  12938.
 16:05:32  41503.  176.06   -56.4   -2.2    34-30.8 -104-06.0  13276.
 16:06:32  42625.  166.97   -53.9   -3.8    34-30.7 -104-05.7  13585.
 16:07:32  43677.  158.86   -56.1   -5.7    34-30.4 -104-05.2  13886.
 16:08:32  44733.  151.08   -59.0   -7.6    34-30.2 -104-04.8  14246.
 16:09:32  45798.  143.61   -62.7   -9.0    34-30.1 -104-04.3  14561.
 16:10:32  46814.  136.80   -63.0  -10.0    34-30.0 -104-04.0  14860.
 16:11:32  47934.  129.66   -61.9  -10.2    34-29.9 -104-03.9  15176.
 16:12:32  49224.  121.87   -64.5  -10.3    34-29.9 -104-03.8  15512.
 16:13:32  50302.  115.71   -65.0  -10.5    34-29.9 -104-03.6  15840.
 16:14:32  51253.  110.52   -61.9  -10.7    34-30.0 -104-03.2  16124.
 16:15:32  52124.  105.97   -66.4  -10.1    34-29.9 -104-02.9  16391.
 16:16:32  53029.  101.43   -65.0   -9.7    34-29.8 -104-02.7  16651.
 16:17:32  54273.   95.50   -65.2   -9.2    34-29.8 -104-02.6  16908.
 16:18:32  55118.   91.67   -65.1   -8.3    34-29.7 -104-02.5  17139.
 16:19:32  56002.   87.82   -70.3   -8.2    34-29.5 -104-02.3  17397.
 16:20:32  56800.   84.48   -68.7   -8.3    34-29.2 -104-02.3  17642.
 16:21:32  57615.   81.20   -63.7   -8.2    34-29.0 -104-02.5  17880.
 16:22:32  58271.   78.65   -65.0   -7.1    34-28.8 -104-02.5  18110.
 16:23:32  58777.   76.74   -66.3   -6.5    34-28.6 -104-02.4  18256.
 16:24:32  59419.   74.38   -59.7   -6.7    34-28.4 -104-02.6  18450.
 16:25:33  60033.   72.19   -59.6   -5.8    34-28.3 -104-02.9  18618.
 16:26:33  60896.   69.22   -62.7   -5.0    34-28.4 -104-03.2  18856.
 16:27:33  61744.   66.42   -57.8   -3.3    34-28.4 -104-03.3  19118.
 16:28:33  62517.   63.97   -57.0   -1.6    34-28.4 -104-03.4  19351.
 16:29:33  63272.   61.66   -61.8    0.3    34-28.5 -104-03.5  19546.
 16:30:33  63765.   60.20   -58.7    2.5    34-28.5 -104-03.6  19732.
 16:31:33  64374.   58.44   -57.6    4.8    34-28.5 -104-03.7  19899.
 16:32:33  65156.   56.26   -53.1    5.0    34-28.3 -104-03.8  20097.
 16:33:33  66075.   53.80   -52.3    4.8    34-28.0 -104-04.0  20378.
 16:34:33  67086.   51.22   -52.9    5.0    34-27.9 -104-04.2  20646.
 16:35:33  68049.   48.88   -56.1    5.2    34-27.7 -104-04.5  20974.
 16:36:33  68817.   47.09   -50.9    5.4    34-27.6 -104-04.7  21211.
 16:37:33  69354.   45.88   -47.3    6.3    34-27.5 -104-04.9  21369.
 16:38:33  69951.   44.57   -47.2    8.2    34-27.3 -104-05.2  21552.
 16:39:33  70692.   43.00   -47.7    9.7    34-27.1 -104-05.6  21732.
 16:40:33  71560.   41.23   -47.4   11.0    34-26.9 -104-06.1  22005.
 16:41:33  72441.   39.51   -47.3   11.8    34-26.9 -104-06.5  22248.
 16:42:33  73407.   37.71   -50.2   12.4    34-26.8 -104-06.9  22560.
 16:43:33  74065.   36.53   -42.4   13.2    34-26.7 -104-07.1  22782.
 16:44:33  74694.   35.44   -42.5   13.2    34-26.6 -104-07.4  22943.
 16:45:33  75476.   34.13   -46.8   13.8    34-26.6 -104-07.7  23168.
 16:46:33  76456.   32.56   -44.8   14.1    34-26.7 -104-08.0  23433.
 16:47:33  77132.   31.52   -49.3   14.4    34-26.5 -104-08.3  23670.
 16:48:34  77763.   30.58   -41.3   15.2    34-26.3 -104-08.7  23870.
 16:49:34  78713.   29.22   -44.8   14.6    34-26.1 -104-09.3  24087.
 16:50:34  79673.   27.91   -40.5   14.6    34-26.2 -104-09.9  24420.
 16:51:34  80579.   26.73   -46.0   14.6    34-26.2 -104-10.3  24672.
 16:52:34  81404.   25.70   -40.9   15.2    34-26.3 -104-10.7  24894.
 16:53:34  82247.   24.69   -39.1   15.8    34-26.4 -104-11.2  25176.
 16:54:34  83172.   23.63   -46.8   16.1    34-26.4 -104-11.5  25406.
 16:55:34  84085.   22.63   -39.4   15.8    34-26.4 -104-11.7  25664.
 16:56:34  85130.   21.54   -44.5   15.2    34-26.3 -104-12.0  25989.
 16:57:34  86108.   20.57   -41.3   15.2    34-26.2 -104-12.4  26246.
 16:58:34  87070.   19.66   -39.9   14.9    34-26.1 -104-13.0  26551.
 16:59:34  87978.   18.84   -43.7   13.8    34-26.2 -104-13.5  26789.
 17:00:34  88894.   18.05   -39.0   12.9    34-26.2 -104-14.2  27072.
 17:01:34  89890.   17.23   -41.4   12.9    34-26.3 -104-14.9  27334.
 17:02:34  90819.   16.50   -41.4   13.4    34-26.6 -104-15.5  27568.
 17:03:34  91712.   15.83   -36.1   14.6    34-26.7 -104-15.9  27846.
 17:04:34  92588.   15.20   -37.4   16.1    34-26.8 -104-16.3  28064.
 17:05:34  93474.   14.59   -34.5   17.7    34-26.8 -104-16.7  28324.
 17:06:34  94493.   13.92   -34.3   19.7    34-26.9 -104-17.0  28562.
 17:07:34  95566.   13.25   -32.7   21.9    34-27.0 -104-17.5  28885.
 17:08:34  96320.   12.80   -30.5   24.1    34-26.9 -104-17.9  29112.
 17:09:34  96856.   12.49   -26.6   26.5    34-26.8 -104-18.5  29268.
 17:10:35  97659.   12.04   -30.9   27.4    34-26.7 -104-19.0  29427.
 17:11:35  98269.   11.71   -25.6   28.3    34-26.6 -104-19.7  29657.
 17:12:35  98974.   11.34   -26.8   28.7    34-26.7 -104-20.2  29804.
 17:13:35  99927.   10.86   -31.6   29.1    34-26.6 -104-20.9  30042.
 17:14:35 101075.   10.31   -27.6   29.6    34-26.6 -104-21.6  30314.
 17:15:35  99685.   10.98   -22.4   30.1    34-26.6 -104-22.4  30613.
 17:16:35 100337.   10.66   -31.3   31.0    34-26.6 -104-22.9  30851.
 17:17:35 100968.   10.36   -28.6   30.5    34-26.6 -104-23.5  31023.
 17:18:35 101466.   10.13   -35.0   28.7    34-26.7 -104-24.0  31210.
 17:19:35 101930.    9.92   -13.8   27.8    34-26.7 -104-24.2  31325.
 17:20:35 102589.    9.63   -20.1   27.8    34-26.8 -104-24.6  31499.
 17:21:35 103510.    9.24   -25.6   27.4    34-26.7 -104-24.9  31710.
 17:22:35 104347.    8.90   -22.3   26.5    34-26.7 -104-25.3  32000.
 17:23:35 105036.    8.63   -18.5   26.1    34-26.6 -104-25.8  32225.
 17:24:35 105535.    8.44   -10.2   27.4    34-26.6 -104-26.3  32370.
 17:25:35 105829.    8.33   -12.9   29.1    34-26.6 -104-26.9  32507.
 17:26:35 105615.    8.41   -23.6   30.1    34-26.7 -104-27.6  32501.
 17:27:35 105402.    8.49   -32.1   30.1    34-26.7 -104-28.2  32403.
 17:28:35 105695.    8.38   -23.6   31.5    34-26.7 -104-28.9  32438.
 17:29:35 105964.    8.28   -20.5   32.9    34-26.7 -104-29.5  32527.
 17:30:35 105910.    8.30   -14.9   34.0    34-26.8 -104-30.2  32563.
 17:31:35 105668.    8.39   -21.5   33.4    34-26.8 -104-30.9  32500.
 17:32:35 105829.    8.33   -13.7   34.0    34-26.8 -104-31.6  32482.
 17:33:36 106128.    8.22   -10.8   35.0    34-26.8 -104-32.3  32580.
 17:34:36 106073.    8.24    -8.2   35.0    34-26.8 -104-33.0  32608.
 17:35:36 105722.    8.37   -25.6   34.0    34-26.8 -104-33.8  32518.
 17:36:36 105749.    8.36   -28.1   34.0    34-26.8 -104-34.5  32470.
 17:37:36 106210.    8.19    -3.2   34.5    34-26.8 -104-35.1  32558.
 17:38:36 106265.    8.17    -3.0   34.5    34-26.8 -104-35.9  32651.
 17:39:36 105937.    8.29   -29.1   34.0    34-26.7 -104-36.7  32592.
 17:40:36 105749.    8.36   -37.6   32.9    34-26.7 -104-37.4  32506.
 17:41:36 105964.    8.28   -10.3   32.9    34-26.7 -104-38.1  32524.
 17:42:36 106320.    8.15   -12.1   34.5    34-26.7 -104-38.9  32632.
 17:43:36 106320.    8.15   -19.5   33.9    34-26.7 -104-39.5  32667.
 17:44:36 106128.    8.22   -31.9   33.4    34-26.7 -104-40.3  32630.
 17:45:36 106073.    8.24   -35.9   32.9    34-26.7 -104-41.0  32594.
 17:46:36 106210.    8.19   -33.3   32.9    34-26.7 -104-41.7  32610.
 17:47:36 106403.    8.12   -23.8   33.4    34-26.8 -104-42.4  32662.
 17:48:36 106459.    8.10   -19.9   33.4    34-26.8 -104-43.2  32701.
 17:49:36 106348.    8.14   -25.6   33.4    34-26.8 -104-43.9  32690.
 17:50:36 106128.    8.22   -32.0   32.4    34-26.8 -104-44.4  32639.
 17:51:36 105910.    8.30   -32.8   32.4    34-26.8 -104-45.1  32568.
 17:52:36 105937.    8.29   -28.4   32.4    34-26.9 -104-45.7  32537.
 17:53:36 106210.    8.19   -16.7   33.9    34-27.0 -104-46.3  32593.
 17:54:36 106431.    8.11   -14.5   35.0    34-27.1 -104-46.9  32673.
 17:55:37 106403.    8.12   -17.0   34.5    34-27.1 -104-47.7  32692.
 17:56:37 106293.    8.16   -19.3   33.9    34-27.1 -104-48.4  32670.
 17:57:37 106183.    8.20   -17.9   33.9    34-27.1 -104-49.0  32630.
 17:58:37 106265.    8.17   -17.8   33.9    34-27.1 -104-49.6  32628.
 17:59:37 106403.    8.12   -14.4   34.5    34-27.2 -104-50.2  32667.
 18:00:37 106403.    8.12   -13.4   34.5    34-27.2 -104-50.9  32687.
 18:01:37 106238.    8.18   -14.4   33.9    34-27.2 -104-51.5  32654.
 18:02:37 106128.    8.22   -15.6   33.4    34-27.2 -104-52.2  32608.
 18:03:37 106210.    8.19   -15.7   33.4    34-27.2 -104-52.9  32613.
 18:04:37 106348.    8.14   -13.2   33.9    34-27.2 -104-53.6  32654.
 18:05:37 106348.    8.14   -12.9   33.9    34-27.2 -104-54.3  32671.
 18:06:37 106238.    8.18   -14.4   33.4    34-27.2 -104-55.0  32647.
 18:07:37 106183.    8.20   -15.6   32.9    34-27.1 -104-55.7  32621.
 18:08:37 106293.    8.16   -14.7   33.4    34-27.1 -104-56.4  32637.
 18:09:37 106375.    8.13   -13.3   33.4    34-27.1 -104-57.1  32671.
 18:10:37 106293.    8.16   -12.0   33.4    34-27.1 -104-57.8  32670.
 18:11:37 106210.    8.19   -19.0   33.9    34-27.1 -104-58.6  32634.
 18:12:37 106210.    8.19   -23.6   33.4    34-27.1 -104-59.3  32622.
 18:13:37 106348.    8.14   -22.2   32.9    34-27.1 -104-60.0  32650.
 18:14:37 106403.    8.12   -20.8   32.9    34-27.1 -105-00.8  32682.
 18:15:37 106293.    8.16   -25.3   32.4    34-27.1 -105-01.4  32665.
 18:16:37 106128.    8.22   -31.0   32.4    34-27.2 -105-02.2  32621.
 18:17:37 106128.    8.22   -25.9   32.4    34-27.2 -105-02.9  32598.
 18:18:38 106210.    8.19   -24.4   32.4    34-27.2 -105-03.6  32617.
 18:19:38 106183.    8.20   -18.8   31.9    34-27.2 -105-04.5  32626.
 18:20:38 106101.    8.23   -25.1   31.9    34-27.2 -105-05.2  32601.
 18:21:38 106128.    8.22   -28.7   31.9    34-27.2 -105-05.9  32591.
 18:22:38 106210.    8.19   -29.1   31.0    34-27.1 -105-06.6  32609.
 18:23:38 106265.    8.17   -30.1   28.6    34-27.1 -105-07.5  32633.
 18:24:38 106183.    8.20   -30.5   26.1    34-27.1 -105-08.2  32628.
 18:25:38 106101.    8.23   -29.1   23.3    34-27.0 -105-09.0  32600.
 18:26:38 106046.    8.25   -24.8   20.7    34-27.0 -105-09.7  32581.
 18:27:38 106073.    8.24   -24.0   18.3    34-27.0 -105-10.6  32586.
 18:28:38 106101.    8.23   -24.5   16.4    34-27.0 -105-11.3  32588.
 18:29:38 106073.    8.24   -28.3   14.5    34-27.0 -105-12.0  32587.
 18:30:38 106046.    8.25   -25.6   13.1    34-27.0 -105-12.8  32582.
 18:31:38 106046.    8.25   -25.4   11.7    34-27.0 -105-13.5  32578.
 18:32:38 106046.    8.25   -24.6   10.6    34-27.0 -105-14.2  32578.
 18:33:38 106073.    8.24   -27.0    9.8    34-27.0 -105-15.1  32584.
 18:34:38 106101.    8.23   -27.6    9.1    34-27.0 -105-15.8  32589.
 18:35:38 106101.    8.23   -23.9    8.6    34-26.9 -105-16.5  32592.
 18:36:38 106073.    8.24   -22.6    8.6    34-27.0 -105-17.3  32587.
 18:37:38 106019.    8.26   -23.3    8.3    34-27.0 -105-18.0  32575.
 18:38:38 105964.    8.28   -24.7    7.8    34-27.0 -105-18.7  32556.
 18:39:38 105964.    8.28   -23.8    7.8    34-27.0 -105-19.5  32549.
 18:40:39 106019.    8.26   -26.2    7.8    34-27.0 -105-20.3  32561.
 18:41:39 105992.    8.27   -27.2    7.6    34-27.0 -105-21.1  32560.
 18:42:39 105910.    8.30   -28.2    7.1    34-27.0 -105-21.8  32542.
 18:43:39 105910.    8.30   -30.2    7.1    34-27.0 -105-22.6  32530.
 18:44:39 105937.    8.29   -32.9    6.9    34-27.0 -105-23.3  32538.
 18:45:39 105910.    8.30   -34.3    6.2    34-27.1 -105-24.0  32544.
 18:46:39 105856.    8.32   -34.8    6.0    34-27.1 -105-24.9  32529.
 18:47:39 105802.    8.34   -35.1    5.7    34-27.2 -105-25.6  32509.
 18:48:39 105829.    8.33   -35.6    5.5    34-27.3 -105-26.4  32511.
 18:49:39 105883.    8.31   -36.1    5.1    34-27.3 -105-27.1  32524.
 18:50:39 105910.    8.30   -35.9    5.1    34-27.4 -105-27.9  32533.
 18:51:39 105910.    8.30   -28.6    5.3    34-27.5 -105-28.7  32539.
 18:52:39 105937.    8.29   -27.7    7.4    34-27.6 -105-29.4  32544.
 18:53:39 105910.    8.30   -34.0   10.6    34-27.7 -105-30.2  32542.
 18:54:39 105883.    8.31   -36.3   14.2    34-27.8 -105-31.0  32533.
 18:55:39 105910.    8.30   -36.5   17.3    34-27.9 -105-31.7  32534.
 18:56:39 105964.    8.28   -36.8   20.4    34-28.0 -105-32.4  32553.
 18:57:39 105992.    8.27   -36.9   22.1    34-28.1 -105-33.1  32567.
 18:58:39 105910.    8.30   -36.6   23.3    34-28.2 -105-33.8  32550.
 18:59:39 105910.    8.30   -36.6   24.8    34-28.3 -105-34.5  32535.
 19:00:39 106046.    8.25   -36.8   26.5    34-28.4 -105-35.3  32557.
 19:01:39 106128.    8.22   -37.1   26.9    34-28.6 -105-36.0  32598.
 19:02:39 106101.    8.23   -37.2   26.9    34-28.7 -105-36.7  32605.
 19:03:40 106019.    8.26   -37.0   27.3    34-28.9 -105-37.6  32581.
 19:04:40 106073.    8.24   -37.0   27.8    34-29.0 -105-38.3  32576.
 19:05:40 106210.    8.19   -37.4   28.6    34-29.1 -105-38.9  32609.
 19:06:40 106210.    8.19   -37.4   29.1    34-29.3 -105-39.7  32635.
 19:07:40 106073.    8.24   -36.6   28.6    34-29.4 -105-40.4  32613.
 19:08:40 105883.    8.31   -22.2   28.6    34-29.5 -105-41.1  32558.
 19:09:40 105910.    8.30   -14.8   29.1    34-29.6 -105-41.9  32535.
 19:10:40 106101.    8.23   -31.4   30.0    34-29.7 -105-42.6  32574.
 19:11:40 106210.    8.19   -21.8   31.0    34-29.8 -105-43.3  32624.
 19:12:40 106183.    8.20   -25.0   30.9    34-29.9 -105-44.0  32636.
 19:13:40 106046.    8.25   -22.7   30.0    34-30.1 -105-44.7  32608.
 19:14:40 106019.    8.26   -14.0   30.0    34-30.2 -105-45.5  32577.
 19:15:40 106155.    8.21   -27.6   30.0    34-30.4 -105-46.2  32601.
 19:16:40 106320.    8.15   -34.0   31.0    34-30.5 -105-46.9  32653.
 19:17:40 106238.    8.18   -20.3   30.5    34-30.7 -105-47.6  32660.
 19:18:40 106019.    8.26    -0.9   29.5    34-30.8 -105-48.3  32604.
 19:19:40 106019.    8.26   -10.1   30.0    34-30.9 -105-49.0  32571.
 19:20:40 106210.    8.19   -12.2   30.5    34-31.0 -105-49.7  32616.
 19:21:40 106293.    8.16   -29.7   31.4    34-31.1 -105-50.4  32661.
 19:22:40 106155.    8.21    -4.2   31.0    34-31.2 -105-51.1  32642.
 19:23:40 106046.    8.25    -3.3   30.5    34-31.3 -105-51.9  32595.
 19:24:40 106128.    8.22    -8.0   30.5    34-31.4 -105-52.6  32592.
 19:25:40 106155.    8.21    -7.9   31.0    34-31.5 -105-53.3  32622.
 19:26:41 105992.    8.27    -3.4   30.5    34-31.6 -105-54.1  32604.
 19:27:41 105749.    8.36   -16.5   30.0    34-31.7 -105-55.0  32541.
 19:28:41 102110.    9.84   -33.4   29.1    34-31.6 -105-55.6  31420.
 19:29:41  93970.   14.26   -43.0   22.5    34-31.7 -105-56.2  28473.
 19:30:41  85800.   20.87   -49.3   15.1    34-31.7 -105-56.6  26185.
 19:31:41  79628.   27.97   -52.1    7.9    34-31.7 -105-57.1  24414.
 19:32:41  74589.   35.62   -53.8    1.7    34-31.8 -105-57.4  22983.
 19:33:41  70133.   44.18   -55.6   -3.5    34-31.8 -105-57.7  21665.
 19:34:41  66052.   53.86   -60.6   -7.1    34-31.7 -105-57.9  20445.
 19:35:41  62468.   64.12   -65.8  -11.2    34-31.5 -105-58.1  19393.
 19:36:41  59221.   75.10   -65.5  -13.9    34-31.6 -105-58.3  18438.
 19:37:41  56294.   86.58   -68.0  -15.8    34-31.5 -105-58.4  17611.
 19:38:41  53557.   98.87   -70.6  -16.8    34-31.3 -105-58.4  16812.
 19:39:41  52059.  106.30   -71.1  -18.9    34-31.2 -105-58.0  16060.
 19:40:41  49390.  120.90   -68.1  -18.7    34-31.3 -105-57.7  15346.
 19:41:41  46963.  135.83   -65.4  -18.9    34-31.1 -105-57.3  14671.
 19:42:41  44733.  151.08   -61.7  -19.6    34-31.0 -105-56.9  14036.
 19:43:41  42625.  166.97   -58.2  -19.2    34-31.0 -105-56.3  13455.
 19:44:41  40658.  183.20   -53.9  -17.5    34-30.9 -105-55.8  12860.
 19:45:41  38778.  200.07   -49.8  -15.9    34-30.8 -105-55.3  12268.
 19:46:41  36814.  219.21   -46.0  -13.3    34-30.7 -105-54.9  11700.
 19:47:41  35090.  237.38   -42.4  -11.1    34-30.8 -105-54.5  11173.
 19:48:42  33371.  256.85   -37.8   -8.5    34-30.8 -105-54.2  10635.
 19:49:42  31792.  276.00   -33.7   -5.9    34-31.0 -105-54.0  10144.
 19:50:42  30187.  296.76   -30.0   -3.3    34-31.1 -105-53.8   9652.
 19:51:46  28564.  319.15   -26.0   -1.2    34-31.3 -105-53.5   9163.
 19:52:46  27019.  341.86   -22.1    2.1    34-31.4 -105-53.3   8653.
 19:53:46  25602.  363.93   -18.6    4.6    34-31.4 -105-53.2   8194.
 19:54:46  24220.  386.64   -15.8    6.8    34-31.3 -105-53.0   7750.
 19:55:46  22943.  408.71   -13.5    8.8    34-31.3 -105-52.7   7348.
 19:56:46  21673.  431.74    -9.6   11.4    34-31.4 -105-52.6   6924.
 19:57:47  20343.  457.05    -8.2   13.9    34-31.5 -105-52.6   6495.
 19:58:47  19027.  483.33    -4.8   16.0    34-31.5 -105-52.6   6083.
 19:59:47  17787.  509.29    -2.6   17.9    34-31.5 -105-52.6   5675.
 20:00:47  16584.  535.57    -0.5   19.6    34-31.4 -105-52.6   5265.
 20:01:47  15375.  563.15     2.6   21.0    34-31.1 -105-52.8   4880.
 20:02:47  14255.  589.76     5.5   22.4    34-30.8 -105-53.0   4506.
 20:03:47  13190.  616.04     6.5   24.4    34-30.5 -105-53.1   4159.
 20:04:47  12188.  641.67     7.6   25.1    34-30.2 -105-53.0   3836.
 20:05:47  11013.  672.82    10.3   26.0    34-30.1 -105-53.0   3602.
 20:06:47   9872.  704.30    13.6   -5.7    34-30.0 -105-52.9   3304.
